d:\workspace\dehaze_mkl\dehaze_mkl\dehaze_mkl\x64\debug\dehaze_mkl.pch
d:\workspace\dehaze_mkl\dehaze_mkl\dehaze_mkl\x64\debug\vc141.pdb
d:\workspace\dehaze_mkl\dehaze_mkl\dehaze_mkl\x64\debug\vc141.idb
d:\workspace\dehaze_mkl\dehaze_mkl\dehaze_mkl\x64\debug\pch.obj
d:\workspace\dehaze_mkl\dehaze_mkl\dehaze_mkl\x64\debug\mklconverter.obj
d:\workspace\dehaze_mkl\dehaze_mkl\dehaze_mkl\x64\debug\imagerwmanager.obj
d:\workspace\dehaze_mkl\dehaze_mkl\dehaze_mkl\x64\debug\imagemat.obj
d:\workspace\dehaze_mkl\dehaze_mkl\dehaze_mkl\x64\debug\guidedfilter.obj
d:\workspace\dehaze_mkl\dehaze_mkl\dehaze_mkl\x64\debug\gammacorrection.obj
d:\workspace\dehaze_mkl\dehaze_mkl\dehaze_mkl\x64\debug\dehaze_mkl.obj
d:\workspace\dehaze_mkl\dehaze_mkl\dehaze_mkl\x64\debug\atmosphericmaskcalculator.obj
d:\workspace\dehaze_mkl\dehaze_mkl\x64\debug\dehaze_mkl.exe
d:\workspace\dehaze_mkl\dehaze_mkl\x64\debug\dehaze_mkl.ilk
d:\workspace\dehaze_mkl\dehaze_mkl\x64\debug\dehaze_mkl.pdb
d:\workspace\dehaze_mkl\dehaze_mkl\dehaze_mkl\x64\debug\dehaze_mkl.tlog\cl.command.1.tlog
d:\workspace\dehaze_mkl\dehaze_mkl\dehaze_mkl\x64\debug\dehaze_mkl.tlog\cl.read.1.tlog
d:\workspace\dehaze_mkl\dehaze_mkl\dehaze_mkl\x64\debug\dehaze_mkl.tlog\cl.write.1.tlog
d:\workspace\dehaze_mkl\dehaze_mkl\dehaze_mkl\x64\debug\dehaze_mkl.tlog\link.command.1.tlog
d:\workspace\dehaze_mkl\dehaze_mkl\dehaze_mkl\x64\debug\dehaze_mkl.tlog\link.read.1.tlog
d:\workspace\dehaze_mkl\dehaze_mkl\dehaze_mkl\x64\debug\dehaze_mkl.tlog\link.write.1.tlog
